2024-10-21 13:15:20 | INFO | Initializing database...
2024-10-21 13:15:20 | INFO | Connecting to database at: postgresql+psycopg2://postgres:admin@localhost:5432/precious_metals_db
2024-10-21 13:15:20 | INFO | select pg_catalog.version()
2024-10-21 13:15:20 | INFO | [raw sql] {}
2024-10-21 13:15:20 | INFO | select current_schema()
2024-10-21 13:15:20 | INFO | [raw sql] {}
2024-10-21 13:15:20 | INFO | show standard_conforming_strings
2024-10-21 13:15:20 | INFO | [raw sql] {}
2024-10-21 13:15:20 | INFO | Database connection successful.
2024-10-21 13:15:20 | INFO | Creating database tables.
2024-10-21 13:15:20 | INFO | BEGIN (implicit)
2024-10-21 13:15:20 | INFO | SELECT pg_catalog.pg_class.relname 
FROM pg_catalog.pg_class JOIN pg_catalog.pg_namespace ON pg_catalog.pg_namespace.oid = pg_catalog.pg_class.relnamespace 
WHERE pg_catalog.pg_class.relname = %(table_name)s AND pg_catalog.pg_class.relkind = ANY (ARRAY[%(param_1)s, %(param_2)s, %(param_3)s, %(param_4)s, %(param_5)s]) AND pg_catalog.pg_table_is_visible(pg_catalog.pg_class.oid) AND pg_catalog.pg_namespace.nspname != %(nspname_1)s
2024-10-21 13:15:20 | INFO | [generated in 0.01273s] {'table_name': 'precious_metals_prices', 'param_1': 'r', 'param_2': 'p', 'param_3': 'f', 'param_4': 'v', 'param_5': 'm', 'nspname_1': 'pg_catalog'}
2024-10-21 13:15:20 | INFO | SELECT pg_catalog.pg_class.relname 
FROM pg_catalog.pg_class JOIN pg_catalog.pg_namespace ON pg_catalog.pg_namespace.oid = pg_catalog.pg_class.relnamespace 
WHERE pg_catalog.pg_class.relname = %(table_name)s AND pg_catalog.pg_class.relkind = ANY (ARRAY[%(param_1)s, %(param_2)s, %(param_3)s, %(param_4)s, %(param_5)s]) AND pg_catalog.pg_table_is_visible(pg_catalog.pg_class.oid) AND pg_catalog.pg_namespace.nspname != %(nspname_1)s
2024-10-21 13:15:20 | INFO | [cached since 0.01993s ago] {'table_name': 'model_training_metadata', 'param_1': 'r', 'param_2': 'p', 'param_3': 'f', 'param_4': 'v', 'param_5': 'm', 'nspname_1': 'pg_catalog'}
2024-10-21 13:15:20 | INFO | 
CREATE TABLE model_training_metadata (
	id SERIAL NOT NULL, 
	metal VARCHAR NOT NULL, 
	hyperparameters JSON NOT NULL, 
	parameters JSON NOT NULL, 
	timestamp TIMESTAMP WITHOUT TIME ZONE NOT NULL, 
	PRIMARY KEY (id)
)


2024-10-21 13:15:20 | INFO | [no key 0.00454s] {}
2024-10-21 13:15:20 | INFO | COMMIT
2024-10-21 13:15:20 | INFO | Database tables created successfully.
2024-10-21 13:15:20 | INFO | BEGIN (implicit)
2024-10-21 13:15:20 | INFO | 
            CREATE OR REPLACE VIEW precious_metals_prices_view AS
            SELECT metal, price, timestamp
            FROM precious_metals_prices;
        
2024-10-21 13:15:20 | INFO | [generated in 0.00370s] {}
2024-10-21 13:15:20 | INFO | COMMIT
2024-10-21 13:15:20 | INFO | View 'precious_metals_prices_view' created successfully.
2024-10-21 13:15:20 | INFO | Database initialized successfully.
2024-10-21 13:15:20 | INFO | Loading metal prices into the database...
2024-10-21 13:15:20 | INFO | Sending request to https://api.metalpriceapi.com/v1/latest with params: {'api_key': '774ea909e13408111a6444e60d77571f', 'base': 'EUR', 'currencies': 'XAU,XAG,XPT,XPD'}
2024-10-21 13:15:21 | INFO | Received response status: 200
2024-10-21 13:15:21 | INFO | Response data: {'success': True, 'base': 'EUR', 'timestamp': 1729468799, 'rates': {'EURXAG': 31.0258637898, 'EURXAU': 2504.8170415252, 'EURXPD': 966.1036117838, 'EURXPT': 938.8962285241, 'XAG': 0.0322311735, 'XAU': 0.0003992308, 'XPD': 0.0010350857, 'XPT': 0.0010650804}}
2024-10-21 13:15:21 | INFO | Successfully fetched metal prices.
2024-10-21 13:15:21 | INFO | Connecting to database at: postgresql+psycopg2://postgres:admin@localhost:5432/precious_metals_db
2024-10-21 13:15:21 | INFO | select pg_catalog.version()
2024-10-21 13:15:21 | INFO | [raw sql] {}
2024-10-21 13:15:21 | INFO | select current_schema()
2024-10-21 13:15:21 | INFO | [raw sql] {}
2024-10-21 13:15:21 | INFO | show standard_conforming_strings
2024-10-21 13:15:21 | INFO | [raw sql] {}
2024-10-21 13:15:21 | INFO | Database connection successful.
2024-10-21 13:15:21 | INFO | BEGIN (implicit)
2024-10-21 13:15:21 | INFO | INSERT INTO precious_metals_prices (metal, price, timestamp) SELECT p0::VARCHAR, p1::FLOAT, p2::TIMESTAMP WITHOUT TIME ZONE FROM (VALUES (%(metal__0)s, %(price__0)s, %(timestamp__0)s, 0), (%(metal__1)s, %(price__1)s, %(timestamp__1)s, 1), (%(metal__2)s, %(price__2)s, %(timestamp__2)s, 2), (%(metal__3)s, %(price__3)s, %(timestamp__3)s, 3)) AS imp_sen(p0, p1, p2, sen_counter) ORDER BY sen_counter RETURNING precious_metals_prices.id, precious_metals_prices.id AS id__1
2024-10-21 13:15:21 | INFO | [generated in 0.00007s (insertmanyvalues) 1/1 (ordered)] {'timestamp__0': datetime.datetime(2024, 10, 21, 10, 15, 21, 527313), 'price__0': 2504.8170415252, 'metal__0': 'XAU', 'timestamp__1': datetime.datetime(2024, 10, 21, 10, 15, 21, 529316), 'price__1': 31.0258637898, 'metal__1': 'XAG', 'timestamp__2': datetime.datetime(2024, 10, 21, 10, 15, 21, 529316), 'price__2': 938.8962285241, 'metal__2': 'XPT', 'timestamp__3': datetime.datetime(2024, 10, 21, 10, 15, 21, 529316), 'price__3': 966.1036117838, 'metal__3': 'XPD'}
2024-10-21 13:15:21 | INFO | COMMIT
2024-10-21 13:15:21 | INFO | Metal prices saved to database successfully.
2024-10-21 13:15:21 | INFO | Metal prices loaded into the database successfully.
2024-10-21 13:15:21 | INFO | Training models...
2024-10-21 13:15:21 | INFO | Connecting to database at: postgresql+psycopg2://postgres:admin@localhost:5432/precious_metals_db
2024-10-21 13:15:21 | INFO | select pg_catalog.version()
2024-10-21 13:15:21 | INFO | [raw sql] {}
2024-10-21 13:15:21 | INFO | select current_schema()
2024-10-21 13:15:21 | INFO | [raw sql] {}
2024-10-21 13:15:21 | INFO | show standard_conforming_strings
2024-10-21 13:15:21 | INFO | [raw sql] {}
2024-10-21 13:15:21 | INFO | Database connection successful.
2024-10-21 13:15:21 | INFO | Connecting to database at: postgresql+psycopg2://postgres:admin@localhost:5432/precious_metals_db
2024-10-21 13:15:21 | INFO | select pg_catalog.version()
2024-10-21 13:15:21 | INFO | [raw sql] {}
2024-10-21 13:15:21 | INFO | select current_schema()
2024-10-21 13:15:21 | INFO | [raw sql] {}
2024-10-21 13:15:21 | INFO | show standard_conforming_strings
2024-10-21 13:15:21 | INFO | [raw sql] {}
2024-10-21 13:15:21 | INFO | Database connection successful.
2024-10-21 13:15:21 | INFO | BEGIN (implicit)
2024-10-21 13:15:21 | INFO | 
                SELECT metal, price, timestamp
                FROM precious_metals_prices_view
                WHERE timestamp >= %(twelve_hours_ago)s
                AND metal IN %(tickers)s
            
2024-10-21 13:15:21 | INFO | [generated in 0.00183s] {'twelve_hours_ago': datetime.datetime(2024, 10, 20, 22, 15, 21, 651894), 'tickers': ('XAU', 'XAG', 'XPT', 'XPD')}
2024-10-21 13:15:21 | INFO | Data fetched successfully from the view.
2024-10-21 13:15:21 | INFO | ROLLBACK
2024-10-21 13:15:21 | INFO | Dataset for XAU: [2504.81704153 2504.81704153 2504.81704153 2504.81704153 2504.81704153
 2504.81704153 2504.81704153]
2024-10-21 13:15:22 | INFO | Trained model for XAU.
2024-10-21 13:15:22 | INFO | Fitted parameters for XAU: {'intercept': -6.063494256611258e-06, 'ar.L1': -1.0888956833767965e-10, 'sigma2': 1.7463817653805207e-10, 'aic': -116.28443049423792, 'aicc': -104.28443049423792, 'bic': -116.90915208655376, 'hqic': -118.78524200954197}
2024-10-21 13:15:22 | INFO | Model metadata for XAU added to session.
2024-10-21 13:15:22 | INFO | Dataset for XAG: [31.02586379 31.02586379 31.02586379 31.02586379 31.02586379 31.02586379
 31.02586379]
2024-10-21 13:15:22 | INFO | Trained model for XAG.
2024-10-21 13:15:22 | INFO | Fitted parameters for XAG: {'intercept': -6.0634939734268145e-06, 'ar.L1': -1.0905908153062665e-10, 'sigma2': 1.7463817096005528e-10, 'aic': -116.28443077858147, 'aicc': -104.28443077858147, 'bic': -116.9091523708973, 'hqic': -118.78524229388552}
2024-10-21 13:15:22 | INFO | Model metadata for XAG added to session.
2024-10-21 13:15:22 | INFO | Dataset for XPT: [938.89622852 938.89622852 938.89622852 938.89622852 938.89622852
 938.89622852 938.89622852]
2024-10-21 13:15:22 | INFO | Trained model for XPT.
2024-10-21 13:15:22 | INFO | Fitted parameters for XPT: {'intercept': -6.063493928162124e-06, 'ar.L1': -1.0904281383938325e-10, 'sigma2': 1.746381721174066e-10, 'aic': -116.28443076191978, 'aicc': -104.28443076191978, 'bic': -116.90915235423562, 'hqic': -118.78524227722383}
2024-10-21 13:15:22 | INFO | Model metadata for XPT added to session.
2024-10-21 13:15:22 | INFO | Dataset for XPD: [966.10361178 966.10361178 966.10361178 966.10361178 966.10361178
 966.10361178 966.10361178]
2024-10-21 13:15:22 | INFO | Trained model for XPD.
2024-10-21 13:15:22 | INFO | Fitted parameters for XPD: {'intercept': -6.0634939121464744e-06, 'ar.L1': -1.0910703205096534e-10, 'sigma2': 1.746381744996637e-10, 'aic': -116.28443073175681, 'aicc': -104.28443073175681, 'bic': -116.90915232407265, 'hqic': -118.78524224706086}
2024-10-21 13:15:22 | INFO | Model metadata for XPD added to session.
2024-10-21 13:15:22 | INFO | BEGIN (implicit)
2024-10-21 13:15:22 | INFO | INSERT INTO model_training_metadata (metal, hyperparameters, parameters, timestamp) SELECT p0::VARCHAR, p1::JSON, p2::JSON, p3::TIMESTAMP WITHOUT TIME ZONE FROM (VALUES (%(metal__0)s, %(hyperparameters__0)s, %(parameters__0)s, %(timestamp__0)s, 0), ( ... 273 characters truncated ... nter) ORDER BY sen_counter RETURNING model_training_metadata.id, model_training_metadata.id AS id__1
2024-10-21 13:15:22 | INFO | [generated in 0.00015s (insertmanyvalues) 1/1 (ordered)] {'timestamp__0': datetime.datetime(2024, 10, 21, 10, 15, 22, 540710), 'parameters__0': '{"intercept": -6.063494256611258e-06, "ar.L1": -1.0888956833767965e-10, "sigma2": 1.7463817653805207e-10, "aic": -116.28443049423792, "bic": -116.90915208655376, "hqic": -118.78524200954197}', 'hyperparameters__0': '{"p": 1, "d": 1, "q": 0}', 'metal__0': 'XAU', 'timestamp__1': datetime.datetime(2024, 10, 21, 10, 15, 22, 610341), 'parameters__1': '{"intercept": -6.0634939734268145e-06, "ar.L1": -1.0905908153062665e-10, "sigma2": 1.7463817096005528e-10, "aic": -116.28443077858147, "bic": -116.9091523708973, "hqic": -118.78524229388552}', 'hyperparameters__1': '{"p": 1, "d": 1, "q": 0}', 'metal__1': 'XAG', 'timestamp__2': datetime.datetime(2024, 10, 21, 10, 15, 22, 685388), 'parameters__2': '{"intercept": -6.063493928162124e-06, "ar.L1": -1.0904281383938325e-10, "sigma2": 1.746381721174066e-10, "aic": -116.28443076191978, "bic": -116.90915235423562, "hqic": -118.78524227722383}', 'hyperparameters__2': '{"p": 1, "d": 1, "q": 0}', 'metal__2': 'XPT', 'timestamp__3': datetime.datetime(2024, 10, 21, 10, 15, 22, 757960), 'parameters__3': '{"intercept": -6.0634939121464744e-06, "ar.L1": -1.0910703205096534e-10, "sigma2": 1.746381744996637e-10, "aic": -116.28443073175681, "bic": -116.90915232407265, "hqic": -118.78524224706086}', 'hyperparameters__3': '{"p": 1, "d": 1, "q": 0}', 'metal__3': 'XPD'}
2024-10-21 13:15:22 | INFO | COMMIT
2024-10-21 13:15:22 | INFO | Session committed successfully. Model metadata should be saved.
2024-10-21 13:15:22 | INFO | Models trained successfully.
2024-10-21 13:15:22 | INFO | Trained models saved successfully.
2024-10-21 13:15:22 | INFO | Process completed successfully.
